30-11-2023 11:31:08.348 [main] INFO  c.e.c.CryptoServiceApplication.logStarting - Starting CryptoServiceApplication using Java 17.0.1 with PID 84550 (/Users/allencooper/IdeaProjects/CryptoService/target/classes started by allencooper in /Users/allencooper/IdeaProjects/CryptoService)
30-11-2023 11:31:08.360 [main] INFO  c.e.c.CryptoServiceApplication.logStartupProfileInfo - No active profile set, falling back to 1 default profile: "default"
30-11-2023 11:31:09.263 [main] INFO  o.s.d.r.c.RepositoryConfigurationDelegate.registerRepositoriesIn - Bootstrapping Spring Data JPA repositories in DEFAULT mode.
30-11-2023 11:31:09.351 [main] INFO  o.s.d.r.c.RepositoryConfigurationDelegate.registerRepositoriesIn - Finished Spring Data repository scanning in 72 ms. Found 4 JPA repository interfaces.
30-11-2023 11:31:09.997 [main] INFO  o.s.b.w.e.tomcat.TomcatWebServer.initialize - Tomcat initialized with port(s): 8080 (http)
30-11-2023 11:31:10.011 [main] INFO  o.a.catalina.core.StandardService.log - Starting service [Tomcat]
30-11-2023 11:31:10.011 [main] INFO  o.a.catalina.core.StandardEngine.log - Starting Servlet engine: [Apache Tomcat/10.1.15]
30-11-2023 11:31:10.141 [main] INFO  o.a.c.c.C.[Tomcat].[localhost].[/].log - Initializing Spring embedded WebApplicationContext
30-11-2023 11:31:10.142 [main] INFO  o.s.b.w.s.c.ServletWebServerApplicationContext.prepareWebApplicationContext - Root WebApplicationContext: initialization completed in 1709 ms
30-11-2023 11:31:10.175 [main] INFO  com.zaxxer.hikari.HikariDataSource.getConnection - HikariPool-1 - Starting...
30-11-2023 11:31:10.512 [main] INFO  com.zaxxer.hikari.pool.HikariPool.checkFailFast - HikariPool-1 - Added connection conn0: url=jdbc:h2:mem:test user=CRYPTO
30-11-2023 11:31:10.515 [main] INFO  com.zaxxer.hikari.HikariDataSource.getConnection - HikariPool-1 - Start completed.
30-11-2023 11:31:10.526 [main] INFO  o.s.b.a.h.H2ConsoleAutoConfiguration.logDataSources - H2 console available at '/h2-console'. Database available at 'jdbc:h2:mem:test'
30-11-2023 11:31:10.736 [main] INFO  liquibase.database.log - Set default schema name to PUBLIC
30-11-2023 11:31:11.009 [main] INFO  liquibase.executor.log - Changelog query completed.
30-11-2023 11:31:11.013 [main] INFO  liquibase.executor.log - Changelog query completed.
30-11-2023 11:31:11.018 [main] INFO  liquibase.executor.log - Changelog query completed.
30-11-2023 11:31:11.021 [main] INFO  liquibase.executor.log - Changelog query completed.
30-11-2023 11:31:11.028 [main] INFO  liquibase.executor.log - Changelog query completed.
30-11-2023 11:31:11.028 [main] INFO  liquibase.lockservice.log - Successfully acquired change log lock
30-11-2023 11:31:11.043 [main] INFO  liquibase.changelog.log - Creating database history table with name: PUBLIC.DATABASECHANGELOG
30-11-2023 11:31:11.046 [main] INFO  liquibase.executor.log - Changelog query completed.
30-11-2023 11:31:11.047 [main] INFO  liquibase.changelog.log - Reading from PUBLIC.DATABASECHANGELOG
30-11-2023 11:31:11.049 [main] INFO  liquibase.executor.log - Changelog query completed.
30-11-2023 11:31:11.051 [main] INFO  liquibase.executor.log - Changelog query completed.
30-11-2023 11:31:11.148 [main] INFO  liquibase.changelog.log - Custom SQL executed
30-11-2023 11:31:11.149 [main] INFO  liquibase.changelog.log - ChangeSet db/changelog/changeset/create-tables.sql::raw::includeAll ran successfully in 33ms
30-11-2023 11:31:11.154 [main] INFO  liquibase.executor.log - Changelog query completed.
30-11-2023 11:31:11.155 [main] INFO  liquibase.executor.log - Changelog query completed.
30-11-2023 11:31:11.158 [main] INFO  liquibase.changelog.log - Custom SQL executed
30-11-2023 11:31:11.159 [main] INFO  liquibase.changelog.log - ChangeSet db/changelog/changeset/add-users.sql::raw::includeAll ran successfully in 3ms
30-11-2023 11:31:11.161 [main] INFO  liquibase.executor.log - Changelog query completed.
30-11-2023 11:31:11.164 [main] INFO  liquibase.changelog.log - Custom SQL executed
30-11-2023 11:31:11.165 [main] INFO  liquibase.changelog.log - ChangeSet db/changelog/changeset/add-accounts.sql::raw::includeAll ran successfully in 4ms
30-11-2023 11:31:11.167 [main] INFO  liquibase.executor.log - Changelog query completed.
30-11-2023 11:31:11.171 [main] INFO  liquibase.changelog.log - Custom SQL executed
30-11-2023 11:31:11.172 [main] INFO  liquibase.changelog.log - ChangeSet db/changelog/changeset/add-transactions.sql::raw::includeAll ran successfully in 3ms
30-11-2023 11:31:11.173 [main] INFO  liquibase.executor.log - Changelog query completed.
30-11-2023 11:31:11.176 [main] INFO  liquibase.changelog.log - Custom SQL executed
30-11-2023 11:31:11.177 [main] INFO  liquibase.changelog.log - ChangeSet db/changelog/changeset/add-crypto-rates.sql::raw::includeAll ran successfully in 3ms
30-11-2023 11:31:11.178 [main] INFO  liquibase.executor.log - Changelog query completed.
30-11-2023 11:31:11.179 [main] INFO  liquibase.log - Update command completed successfully.
30-11-2023 11:31:11.181 [main] INFO  liquibase.executor.log - Changelog query completed.
30-11-2023 11:31:11.181 [main] INFO  liquibase.lockservice.log - Successfully released change log lock
30-11-2023 11:31:11.266 [main] INFO  o.h.jpa.internal.util.LogHelper.logPersistenceUnitInformation - HHH000204: Processing PersistenceUnitInfo [name: default]
30-11-2023 11:31:11.368 [main] INFO  org.hibernate.Version.logVersion - HHH000412: Hibernate ORM core version 6.2.13.Final
30-11-2023 11:31:11.377 [main] INFO  org.hibernate.cfg.Environment.<clinit> - HHH000406: Using bytecode reflection optimizer
30-11-2023 11:31:11.742 [main] INFO  o.s.o.j.p.SpringPersistenceUnitInfo.addTransformer - No LoadTimeWeaver setup: ignoring JPA class transformer
30-11-2023 11:31:11.802 [main] WARN  org.hibernate.orm.deprecation.constructDialect - HHH90000025: H2Dialect does not need to be specified explicitly using 'hibernate.dialect' (remove the property setting and it will be selected by default)
30-11-2023 11:31:13.058 [main] INFO  o.h.e.t.j.p.i.JtaPlatformInitiator.initiateService - HHH000489: No JTA platform available (set 'hibernate.transaction.jta.platform' to enable JTA platform integration)
30-11-2023 11:31:13.099 [main] INFO  o.s.o.j.LocalContainerEntityManagerFactoryBean.buildNativeEntityManagerFactory - Initialized JPA EntityManagerFactory for persistence unit 'default'
30-11-2023 11:31:13.757 [main] WARN  o.s.b.a.o.j.JpaBaseConfiguration$JpaWebConfiguration.openEntityManagerInViewInterceptor - spring.jpa.open-in-view is enabled by default. Therefore, database queries may be performed during view rendering. Explicitly configure spring.jpa.open-in-view to disable this warning
30-11-2023 11:31:14.335 [main] INFO  o.s.b.w.e.tomcat.TomcatWebServer.start - Tomcat started on port(s): 8080 (http) with context path ''
30-11-2023 11:31:14.344 [main] INFO  c.e.c.CryptoServiceApplication.logStarted - Started CryptoServiceApplication in 6.501 seconds (process running for 7.652)
30-11-2023 11:32:09.282 [http-nio-8080-exec-2] INFO  o.a.c.c.C.[Tomcat].[localhost].[/].log - Initializing Spring DispatcherServlet 'dispatcherServlet'
30-11-2023 11:32:09.283 [http-nio-8080-exec-2] INFO  o.s.web.servlet.DispatcherServlet.initServletBean - Initializing Servlet 'dispatcherServlet'
30-11-2023 11:32:09.284 [http-nio-8080-exec-2] INFO  o.s.web.servlet.DispatcherServlet.initServletBean - Completed initialization in 1 ms
30-11-2023 11:32:45.883 [http-nio-8080-exec-4] DEBUG org.hibernate.SQL.logStatement - select c1_0.id,c1_0.base_currency,c1_0.last_updated,c1_0.rate,c1_0.target_currency from crypto_rates c1_0 where c1_0.base_currency=? and c1_0.target_currency=?
30-11-2023 11:32:45.919 [http-nio-8080-exec-4] ERROR c.e.c.e.ExceptionResolver.cryptoRateNotFoundException - Crypto rate is not found
30-11-2023 11:32:57.073 [http-nio-8080-exec-5] DEBUG org.hibernate.SQL.logStatement - select c1_0.id,c1_0.base_currency,c1_0.last_updated,c1_0.rate,c1_0.target_currency from crypto_rates c1_0 where c1_0.base_currency=? and c1_0.target_currency=?
30-11-2023 11:33:09.971 [http-nio-8080-exec-6] DEBUG org.hibernate.SQL.logStatement - select c1_0.id,c1_0.base_currency,c1_0.last_updated,c1_0.rate,c1_0.target_currency from crypto_rates c1_0
30-11-2023 11:38:04.535 [main] INFO  c.e.c.CryptoServiceApplication.logStarting - Starting CryptoServiceApplication using Java 17.0.1 with PID 84666 (/Users/allencooper/IdeaProjects/CryptoService/target/classes started by allencooper in /Users/allencooper/IdeaProjects/CryptoService)
30-11-2023 11:38:04.538 [main] INFO  c.e.c.CryptoServiceApplication.logStartupProfileInfo - No active profile set, falling back to 1 default profile: "default"
30-11-2023 11:38:05.432 [main] INFO  o.s.d.r.c.RepositoryConfigurationDelegate.registerRepositoriesIn - Bootstrapping Spring Data JPA repositories in DEFAULT mode.
30-11-2023 11:38:05.509 [main] INFO  o.s.d.r.c.RepositoryConfigurationDelegate.registerRepositoriesIn - Finished Spring Data repository scanning in 63 ms. Found 4 JPA repository interfaces.
30-11-2023 11:38:06.065 [main] INFO  o.s.b.w.e.tomcat.TomcatWebServer.initialize - Tomcat initialized with port(s): 8080 (http)
30-11-2023 11:38:06.073 [main] INFO  o.a.catalina.core.StandardService.log - Starting service [Tomcat]
30-11-2023 11:38:06.074 [main] INFO  o.a.catalina.core.StandardEngine.log - Starting Servlet engine: [Apache Tomcat/10.1.15]
30-11-2023 11:38:06.159 [main] INFO  o.a.c.c.C.[Tomcat].[localhost].[/].log - Initializing Spring embedded WebApplicationContext
30-11-2023 11:38:06.160 [main] INFO  o.s.b.w.s.c.ServletWebServerApplicationContext.prepareWebApplicationContext - Root WebApplicationContext: initialization completed in 1575 ms
30-11-2023 11:38:06.183 [main] INFO  com.zaxxer.hikari.HikariDataSource.getConnection - HikariPool-1 - Starting...
30-11-2023 11:38:06.516 [main] INFO  com.zaxxer.hikari.pool.HikariPool.checkFailFast - HikariPool-1 - Added connection conn0: url=jdbc:h2:mem:test user=CRYPTO
30-11-2023 11:38:06.518 [main] INFO  com.zaxxer.hikari.HikariDataSource.getConnection - HikariPool-1 - Start completed.
30-11-2023 11:38:06.530 [main] INFO  o.s.b.a.h.H2ConsoleAutoConfiguration.logDataSources - H2 console available at '/h2-console'. Database available at 'jdbc:h2:mem:test'
30-11-2023 11:38:06.761 [main] INFO  liquibase.database.log - Set default schema name to PUBLIC
30-11-2023 11:38:06.997 [main] INFO  liquibase.executor.log - Changelog query completed.
30-11-2023 11:38:07.000 [main] INFO  liquibase.executor.log - Changelog query completed.
30-11-2023 11:38:07.003 [main] INFO  liquibase.executor.log - Changelog query completed.
30-11-2023 11:38:07.007 [main] INFO  liquibase.executor.log - Changelog query completed.
30-11-2023 11:38:07.011 [main] INFO  liquibase.executor.log - Changelog query completed.
30-11-2023 11:38:07.012 [main] INFO  liquibase.lockservice.log - Successfully acquired change log lock
30-11-2023 11:38:07.021 [main] INFO  liquibase.changelog.log - Creating database history table with name: PUBLIC.DATABASECHANGELOG
30-11-2023 11:38:07.025 [main] INFO  liquibase.executor.log - Changelog query completed.
30-11-2023 11:38:07.026 [main] INFO  liquibase.changelog.log - Reading from PUBLIC.DATABASECHANGELOG
30-11-2023 11:38:07.027 [main] INFO  liquibase.executor.log - Changelog query completed.
30-11-2023 11:38:07.028 [main] INFO  liquibase.executor.log - Changelog query completed.
30-11-2023 11:38:07.083 [main] INFO  liquibase.changelog.log - Custom SQL executed
30-11-2023 11:38:07.084 [main] INFO  liquibase.changelog.log - ChangeSet db/changelog/changeset/create-tables.sql::raw::includeAll ran successfully in 25ms
30-11-2023 11:38:07.088 [main] INFO  liquibase.executor.log - Changelog query completed.
30-11-2023 11:38:07.089 [main] INFO  liquibase.executor.log - Changelog query completed.
30-11-2023 11:38:07.093 [main] INFO  liquibase.changelog.log - Custom SQL executed
30-11-2023 11:38:07.094 [main] INFO  liquibase.changelog.log - ChangeSet db/changelog/changeset/add-users.sql::raw::includeAll ran successfully in 4ms
30-11-2023 11:38:07.095 [main] INFO  liquibase.executor.log - Changelog query completed.
30-11-2023 11:38:07.101 [main] INFO  liquibase.changelog.log - Custom SQL executed
30-11-2023 11:38:07.102 [main] INFO  liquibase.changelog.log - ChangeSet db/changelog/changeset/add-accounts.sql::raw::includeAll ran successfully in 6ms
30-11-2023 11:38:07.104 [main] INFO  liquibase.executor.log - Changelog query completed.
30-11-2023 11:38:07.108 [main] INFO  liquibase.changelog.log - Custom SQL executed
30-11-2023 11:38:07.108 [main] INFO  liquibase.changelog.log - ChangeSet db/changelog/changeset/add-transactions.sql::raw::includeAll ran successfully in 3ms
30-11-2023 11:38:07.110 [main] INFO  liquibase.executor.log - Changelog query completed.
30-11-2023 11:38:07.114 [main] INFO  liquibase.changelog.log - Custom SQL executed
30-11-2023 11:38:07.115 [main] INFO  liquibase.changelog.log - ChangeSet db/changelog/changeset/add-crypto-rates.sql::raw::includeAll ran successfully in 4ms
30-11-2023 11:38:07.116 [main] INFO  liquibase.executor.log - Changelog query completed.
30-11-2023 11:38:07.117 [main] INFO  liquibase.log - Update command completed successfully.
30-11-2023 11:38:07.119 [main] INFO  liquibase.executor.log - Changelog query completed.
30-11-2023 11:38:07.119 [main] INFO  liquibase.lockservice.log - Successfully released change log lock
30-11-2023 11:38:07.196 [main] INFO  o.h.jpa.internal.util.LogHelper.logPersistenceUnitInformation - HHH000204: Processing PersistenceUnitInfo [name: default]
30-11-2023 11:38:07.269 [main] INFO  org.hibernate.Version.logVersion - HHH000412: Hibernate ORM core version 6.2.13.Final
30-11-2023 11:38:07.273 [main] INFO  org.hibernate.cfg.Environment.<clinit> - HHH000406: Using bytecode reflection optimizer
30-11-2023 11:38:07.691 [main] INFO  o.s.o.j.p.SpringPersistenceUnitInfo.addTransformer - No LoadTimeWeaver setup: ignoring JPA class transformer
30-11-2023 11:38:07.742 [main] WARN  org.hibernate.orm.deprecation.constructDialect - HHH90000025: H2Dialect does not need to be specified explicitly using 'hibernate.dialect' (remove the property setting and it will be selected by default)
30-11-2023 11:38:08.810 [main] INFO  o.h.e.t.j.p.i.JtaPlatformInitiator.initiateService - HHH000489: No JTA platform available (set 'hibernate.transaction.jta.platform' to enable JTA platform integration)
30-11-2023 11:38:08.842 [main] INFO  o.s.o.j.LocalContainerEntityManagerFactoryBean.buildNativeEntityManagerFactory - Initialized JPA EntityManagerFactory for persistence unit 'default'
30-11-2023 11:38:09.362 [main] WARN  o.s.b.a.o.j.JpaBaseConfiguration$JpaWebConfiguration.openEntityManagerInViewInterceptor - spring.jpa.open-in-view is enabled by default. Therefore, database queries may be performed during view rendering. Explicitly configure spring.jpa.open-in-view to disable this warning
30-11-2023 11:38:09.732 [main] INFO  o.s.b.w.e.tomcat.TomcatWebServer.start - Tomcat started on port(s): 8080 (http) with context path ''
30-11-2023 11:38:09.740 [main] INFO  c.e.c.CryptoServiceApplication.logStarted - Started CryptoServiceApplication in 5.907 seconds (process running for 6.955)
30-11-2023 11:38:37.077 [http-nio-8080-exec-1] INFO  o.a.c.c.C.[Tomcat].[localhost].[/].log - Initializing Spring DispatcherServlet 'dispatcherServlet'
30-11-2023 11:38:37.078 [http-nio-8080-exec-1] INFO  o.s.web.servlet.DispatcherServlet.initServletBean - Initializing Servlet 'dispatcherServlet'
30-11-2023 11:38:37.080 [http-nio-8080-exec-1] INFO  o.s.web.servlet.DispatcherServlet.initServletBean - Completed initialization in 1 ms
30-11-2023 11:38:37.290 [http-nio-8080-exec-1] DEBUG org.hibernate.SQL.logStatement - select c1_0.id,c1_0.base_currency,c1_0.last_updated,c1_0.rate,c1_0.target_currency from crypto_rates c1_0
30-11-2023 11:39:37.371 [SpringApplicationShutdownHook] INFO  o.s.o.j.LocalContainerEntityManagerFactoryBean.destroy - Closing JPA EntityManagerFactory for persistence unit 'default'
30-11-2023 11:39:37.378 [SpringApplicationShutdownHook] INFO  com.zaxxer.hikari.HikariDataSource.close - HikariPool-1 - Shutdown initiated...
30-11-2023 11:39:37.381 [SpringApplicationShutdownHook] INFO  com.zaxxer.hikari.HikariDataSource.close - HikariPool-1 - Shutdown completed.
30-11-2023 11:39:41.647 [main] INFO  c.e.c.CryptoServiceApplication.logStarting - Starting CryptoServiceApplication using Java 17.0.1 with PID 84696 (/Users/allencooper/IdeaProjects/CryptoService/target/classes started by allencooper in /Users/allencooper/IdeaProjects/CryptoService)
30-11-2023 11:39:41.650 [main] INFO  c.e.c.CryptoServiceApplication.logStartupProfileInfo - No active profile set, falling back to 1 default profile: "default"
30-11-2023 11:39:42.379 [main] INFO  o.s.d.r.c.RepositoryConfigurationDelegate.registerRepositoriesIn - Bootstrapping Spring Data JPA repositories in DEFAULT mode.
30-11-2023 11:39:42.461 [main] INFO  o.s.d.r.c.RepositoryConfigurationDelegate.registerRepositoriesIn - Finished Spring Data repository scanning in 71 ms. Found 4 JPA repository interfaces.
30-11-2023 11:39:43.015 [main] INFO  o.s.b.w.e.tomcat.TomcatWebServer.initialize - Tomcat initialized with port(s): 8080 (http)
30-11-2023 11:39:43.027 [main] INFO  o.a.catalina.core.StandardService.log - Starting service [Tomcat]
30-11-2023 11:39:43.027 [main] INFO  o.a.catalina.core.StandardEngine.log - Starting Servlet engine: [Apache Tomcat/10.1.15]
30-11-2023 11:39:43.110 [main] INFO  o.a.c.c.C.[Tomcat].[localhost].[/].log - Initializing Spring embedded WebApplicationContext
30-11-2023 11:39:43.110 [main] INFO  o.s.b.w.s.c.ServletWebServerApplicationContext.prepareWebApplicationContext - Root WebApplicationContext: initialization completed in 1396 ms
30-11-2023 11:39:43.133 [main] INFO  com.zaxxer.hikari.HikariDataSource.getConnection - HikariPool-1 - Starting...
30-11-2023 11:39:43.386 [main] INFO  com.zaxxer.hikari.pool.HikariPool.checkFailFast - HikariPool-1 - Added connection conn0: url=jdbc:h2:mem:test user=CRYPTO
30-11-2023 11:39:43.388 [main] INFO  com.zaxxer.hikari.HikariDataSource.getConnection - HikariPool-1 - Start completed.
30-11-2023 11:39:43.405 [main] INFO  o.s.b.a.h.H2ConsoleAutoConfiguration.logDataSources - H2 console available at '/h2-console'. Database available at 'jdbc:h2:mem:test'
30-11-2023 11:39:43.632 [main] INFO  liquibase.database.log - Set default schema name to PUBLIC
30-11-2023 11:39:43.860 [main] INFO  liquibase.executor.log - Changelog query completed.
30-11-2023 11:39:43.863 [main] INFO  liquibase.executor.log - Changelog query completed.
30-11-2023 11:39:43.869 [main] INFO  liquibase.executor.log - Changelog query completed.
30-11-2023 11:39:43.873 [main] INFO  liquibase.executor.log - Changelog query completed.
30-11-2023 11:39:43.877 [main] INFO  liquibase.executor.log - Changelog query completed.
30-11-2023 11:39:43.878 [main] INFO  liquibase.lockservice.log - Successfully acquired change log lock
30-11-2023 11:39:43.891 [main] INFO  liquibase.changelog.log - Creating database history table with name: PUBLIC.DATABASECHANGELOG
30-11-2023 11:39:43.896 [main] INFO  liquibase.executor.log - Changelog query completed.
30-11-2023 11:39:43.898 [main] INFO  liquibase.changelog.log - Reading from PUBLIC.DATABASECHANGELOG
30-11-2023 11:39:43.902 [main] INFO  liquibase.executor.log - Changelog query completed.
30-11-2023 11:39:43.904 [main] INFO  liquibase.executor.log - Changelog query completed.
30-11-2023 11:39:43.964 [main] INFO  liquibase.changelog.log - Custom SQL executed
30-11-2023 11:39:43.965 [main] INFO  liquibase.changelog.log - ChangeSet db/changelog/changeset/create-tables.sql::raw::includeAll ran successfully in 26ms
30-11-2023 11:39:43.969 [main] INFO  liquibase.executor.log - Changelog query completed.
30-11-2023 11:39:43.970 [main] INFO  liquibase.executor.log - Changelog query completed.
30-11-2023 11:39:43.973 [main] INFO  liquibase.changelog.log - Custom SQL executed
30-11-2023 11:39:43.974 [main] INFO  liquibase.changelog.log - ChangeSet db/changelog/changeset/add-users.sql::raw::includeAll ran successfully in 3ms
30-11-2023 11:39:43.975 [main] INFO  liquibase.executor.log - Changelog query completed.
30-11-2023 11:39:43.979 [main] INFO  liquibase.changelog.log - Custom SQL executed
30-11-2023 11:39:43.980 [main] INFO  liquibase.changelog.log - ChangeSet db/changelog/changeset/add-accounts.sql::raw::includeAll ran successfully in 3ms
30-11-2023 11:39:43.981 [main] INFO  liquibase.executor.log - Changelog query completed.
30-11-2023 11:39:43.984 [main] INFO  liquibase.changelog.log - Custom SQL executed
30-11-2023 11:39:43.986 [main] INFO  liquibase.changelog.log - ChangeSet db/changelog/changeset/add-transactions.sql::raw::includeAll ran successfully in 3ms
30-11-2023 11:39:43.987 [main] INFO  liquibase.executor.log - Changelog query completed.
30-11-2023 11:39:43.992 [main] INFO  liquibase.changelog.log - Custom SQL executed
30-11-2023 11:39:43.993 [main] INFO  liquibase.changelog.log - ChangeSet db/changelog/changeset/add-crypto-rates.sql::raw::includeAll ran successfully in 4ms
30-11-2023 11:39:43.994 [main] INFO  liquibase.executor.log - Changelog query completed.
30-11-2023 11:39:43.995 [main] INFO  liquibase.log - Update command completed successfully.
30-11-2023 11:39:43.996 [main] INFO  liquibase.executor.log - Changelog query completed.
30-11-2023 11:39:43.997 [main] INFO  liquibase.lockservice.log - Successfully released change log lock
30-11-2023 11:39:44.077 [main] INFO  o.h.jpa.internal.util.LogHelper.logPersistenceUnitInformation - HHH000204: Processing PersistenceUnitInfo [name: default]
30-11-2023 11:39:44.157 [main] INFO  org.hibernate.Version.logVersion - HHH000412: Hibernate ORM core version 6.2.13.Final
30-11-2023 11:39:44.161 [main] INFO  org.hibernate.cfg.Environment.<clinit> - HHH000406: Using bytecode reflection optimizer
30-11-2023 11:39:44.508 [main] INFO  o.s.o.j.p.SpringPersistenceUnitInfo.addTransformer - No LoadTimeWeaver setup: ignoring JPA class transformer
30-11-2023 11:39:44.559 [main] WARN  org.hibernate.orm.deprecation.constructDialect - HHH90000025: H2Dialect does not need to be specified explicitly using 'hibernate.dialect' (remove the property setting and it will be selected by default)
30-11-2023 11:39:45.550 [main] INFO  o.h.e.t.j.p.i.JtaPlatformInitiator.initiateService - HHH000489: No JTA platform available (set 'hibernate.transaction.jta.platform' to enable JTA platform integration)
30-11-2023 11:39:45.585 [main] INFO  o.s.o.j.LocalContainerEntityManagerFactoryBean.buildNativeEntityManagerFactory - Initialized JPA EntityManagerFactory for persistence unit 'default'
30-11-2023 11:39:46.180 [main] WARN  o.s.b.a.o.j.JpaBaseConfiguration$JpaWebConfiguration.openEntityManagerInViewInterceptor - spring.jpa.open-in-view is enabled by default. Therefore, database queries may be performed during view rendering. Explicitly configure spring.jpa.open-in-view to disable this warning
30-11-2023 11:39:46.581 [main] INFO  o.s.b.w.e.tomcat.TomcatWebServer.start - Tomcat started on port(s): 8080 (http) with context path ''
30-11-2023 11:39:46.590 [main] INFO  c.e.c.CryptoServiceApplication.logStarted - Started CryptoServiceApplication in 5.571 seconds (process running for 6.213)
30-11-2023 11:39:51.381 [http-nio-8080-exec-1] INFO  o.a.c.c.C.[Tomcat].[localhost].[/].log - Initializing Spring DispatcherServlet 'dispatcherServlet'
30-11-2023 11:39:51.383 [http-nio-8080-exec-1] INFO  o.s.web.servlet.DispatcherServlet.initServletBean - Initializing Servlet 'dispatcherServlet'
30-11-2023 11:39:51.385 [http-nio-8080-exec-1] INFO  o.s.web.servlet.DispatcherServlet.initServletBean - Completed initialization in 2 ms
30-11-2023 11:39:51.577 [http-nio-8080-exec-1] DEBUG org.hibernate.SQL.logStatement - select c1_0.id,c1_0.base_currency,c1_0.last_updated,c1_0.rate,c1_0.target_currency from crypto_rates c1_0
